# JRE version: Java(TM) SE Runtime Environment (8.0_121-b13) (build 1.8.0_121-b13)
# Java VM: Java HotSpot(TM) 64-Bit Server VM (25.121-b13 mixed mode windows-amd64 compressed oops)
Heap:
 PSYoungGen      total 250368K, used 9874K [0x00000000eb100000, 0x00000000ff800000, 0x0000000100000000)
  eden space 233472K, 0% used [0x00000000eb100000,0x00000000eb100000,0x00000000f9500000)
  from space 16896K, 58% used [0x00000000f9500000,0x00000000f9ea4a48,0x00000000fa580000)
  to   space 17408K, 0% used [0x00000000fe700000,0x00000000fe700000,0x00000000ff800000)
 ParOldGen       total 56320K, used 32545K [0x00000000c1200000, 0x00000000c4900000, 0x00000000eb100000)
  object space 56320K, 57% used [0x00000000c1200000,0x00000000c31c8460,0x00000000c4900000)
 Metaspace       used 57618K, capacity 60058K, committed 60080K, reserved 1101824K
  class space    used 7464K, capacity 7874K, committed 7892K, reserved 1048576K
GC Heap History (10 events):
Event: 4.932 GC heap after
Heap after GC invocations=11 (full 1):
 PSYoungGen      total 184832K, used 9199K [0x00000000eb100000, 0x00000000f7580000, 0x0000000100000000)
  eden space 175616K, 0% used [0x00000000eb100000,0x00000000eb100000,0x00000000f5c80000)
  from space 9216K, 99% used [0x00000000f6900000,0x00000000f71fbfb0,0x00000000f7200000)
  to   space 12800K, 0% used [0x00000000f5c80000,0x00000000f5c80000,0x00000000f6900000)
 ParOldGen       total 28672K, used 11427K [0x00000000c1200000, 0x00000000c2e00000, 0x00000000eb100000)
  object space 28672K, 39% used [0x00000000c1200000,0x00000000c1d28e88,0x00000000c2e00000)
 Metaspace       used 32605K, capacity 34076K, committed 34300K, reserved 1079296K
  class space    used 4226K, capacity 4495K, committed 4608K, reserved 1048576K
}
Event: 5.445 GC heap before
{Heap before GC invocations=12 (full 1):
 PSYoungGen      total 184832K, used 58610K [0x00000000eb100000, 0x00000000f7580000, 0x0000000100000000)
  eden space 175616K, 28% used [0x00000000eb100000,0x00000000ee1409f0,0x00000000f5c80000)
  from space 9216K, 99% used [0x00000000f6900000,0x00000000f71fbfb0,0x00000000f7200000)
  to   space 12800K, 0% used [0x00000000f5c80000,0x00000000f5c80000,0x00000000f6900000)
 ParOldGen       total 28672K, used 11427K [0x00000000c1200000, 0x00000000c2e00000, 0x00000000eb100000)
  object space 28672K, 39% used [0x00000000c1200000,0x00000000c1d28e88,0x00000000c2e00000)
 Metaspace       used 34314K, capacity 35870K, committed 36048K, reserved 1081344K
  class space    used 4441K, capacity 4744K, committed 4820K, reserved 1048576K
Event: 5.466 GC heap after
Heap after GC invocations=12 (full 1):
 PSYoungGen      total 188416K, used 2645K [0x00000000eb100000, 0x00000000fb580000, 0x0000000100000000)
  eden space 175616K, 0% used [0x00000000eb100000,0x00000000eb100000,0x00000000f5c80000)
  from space 12800K, 20% used [0x00000000f5c80000,0x00000000f5f154b8,0x00000000f6900000)
  to   space 12288K, 0% used [0x00000000fa980000,0x00000000fa980000,0x00000000fb580000)
 ParOldGen       total 28672K, used 20397K [0x00000000c1200000, 0x00000000c2e00000, 0x00000000eb100000)
  object space 28672K, 71% used [0x00000000c1200000,0x00000000c25eb548,0x00000000c2e00000)
 Metaspace       used 34314K, capacity 35870K, committed 36048K, reserved 1081344K
  class space    used 4441K, capacity 4744K, committed 4820K, reserved 1048576K
}
Event: 5.466 GC heap before
{Heap before GC invocations=13 (full 2):
 PSYoungGen      total 188416K, used 2645K [0x00000000eb100000, 0x00000000fb580000, 0x0000000100000000)
  eden space 175616K, 0% used [0x00000000eb100000,0x00000000eb100000,0x00000000f5c80000)
  from space 12800K, 20% used [0x00000000f5c80000,0x00000000f5f154b8,0x00000000f6900000)
  to   space 12288K, 0% used [0x00000000fa980000,0x00000000fa980000,0x00000000fb580000)
 ParOldGen       total 28672K, used 20397K [0x00000000c1200000, 0x00000000c2e00000, 0x00000000eb100000)
  object space 28672K, 71% used [0x00000000c1200000,0x00000000c25eb548,0x00000000c2e00000)
 Metaspace       used 34314K, capacity 35870K, committed 36048K, reserved 1081344K
  class space    used 4441K, capacity 4744K, committed 4820K, reserved 1048576K
Event: 5.563 GC heap after
Heap after GC invocations=13 (full 2):
 PSYoungGen      total 188416K, used 0K [0x00000000eb100000, 0x00000000fb580000, 0x0000000100000000)
  eden space 175616K, 0% used [0x00000000eb100000,0x00000000eb100000,0x00000000f5c80000)
  from space 12800K, 0% used [0x00000000f5c80000,0x00000000f5c80000,0x00000000f6900000)
  to   space 12288K, 0% used [0x00000000fa980000,0x00000000fa980000,0x00000000fb580000)
 ParOldGen       total 56320K, used 18774K [0x00000000c1200000, 0x00000000c4900000, 0x00000000eb100000)
  object space 56320K, 33% used [0x00000000c1200000,0x00000000c2455ad0,0x00000000c4900000)
 Metaspace       used 34314K, capacity 35870K, committed 36048K, reserved 1081344K
  class space    used 4441K, capacity 4744K, committed 4820K, reserved 1048576K
}
Event: 8.210 GC heap before
{Heap before GC invocations=14 (full 2):
 PSYoungGen      total 188416K, used 175616K [0x00000000eb100000, 0x00000000fb580000, 0x0000000100000000)
  eden space 175616K, 100% used [0x00000000eb100000,0x00000000f5c80000,0x00000000f5c80000)
  from space 12800K, 0% used [0x00000000f5c80000,0x00000000f5c80000,0x00000000f6900000)
  to   space 12288K, 0% used [0x00000000fa980000,0x00000000fa980000,0x00000000fb580000)
 ParOldGen       total 56320K, used 18774K [0x00000000c1200000, 0x00000000c4900000, 0x00000000eb100000)
  object space 56320K, 33% used [0x00000000c1200000,0x00000000c2455ad0,0x00000000c4900000)
 Metaspace       used 50773K, capacity 52932K, committed 53328K, reserved 1095680K
  class space    used 6720K, capacity 7139K, committed 7252K, reserved 1048576K
Event: 8.236 GC heap after
Heap after GC invocations=14 (full 2):
 PSYoungGen      total 245760K, used 12258K [0x00000000eb100000, 0x00000000fb600000, 0x0000000100000000)
  eden space 233472K, 0% used [0x00000000eb100000,0x00000000eb100000,0x00000000f9500000)
  from space 12288K, 99% used [0x00000000fa980000,0x00000000fb578b50,0x00000000fb580000)
  to   space 16896K, 0% used [0x00000000f9500000,0x00000000f9500000,0x00000000fa580000)
 ParOldGen       total 56320K, used 26036K [0x00000000c1200000, 0x00000000c4900000, 0x00000000eb100000)
  object space 56320K, 46% used [0x00000000c1200000,0x00000000c2b6d318,0x00000000c4900000)
 Metaspace       used 50773K, capacity 52932K, committed 53328K, reserved 1095680K
  class space    used 6720K, capacity 7139K, committed 7252K, reserved 1048576K
}
Event: 885.766 GC heap before
{Heap before GC invocations=15 (full 2):
 PSYoungGen      total 245760K, used 210261K [0x00000000eb100000, 0x00000000fb600000, 0x0000000100000000)
  eden space 233472K, 84% used [0x00000000eb100000,0x00000000f725c948,0x00000000f9500000)
  from space 12288K, 99% used [0x00000000fa980000,0x00000000fb578b50,0x00000000fb580000)
  to   space 16896K, 0% used [0x00000000f9500000,0x00000000f9500000,0x00000000fa580000)
 ParOldGen       total 56320K, used 26036K [0x00000000c1200000, 0x00000000c4900000, 0x00000000eb100000)
  object space 56320K, 46% used [0x00000000c1200000,0x00000000c2b6d318,0x00000000c4900000)
 Metaspace       used 57618K, capacity 60058K, committed 60080K, reserved 1101824K
  class space    used 7464K, capacity 7874K, committed 7892K, reserved 1048576K
Event: 885.811 GC heap after
Heap after GC invocations=15 (full 2):
 PSYoungGen      total 250368K, used 9874K [0x00000000eb100000, 0x00000000ff800000, 0x0000000100000000)
  eden space 233472K, 0% used [0x00000000eb100000,0x00000000eb100000,0x00000000f9500000)
  from space 16896K, 58% used [0x00000000f9500000,0x00000000f9ea4a48,0x00000000fa580000)
  to   space 17408K, 0% used [0x00000000fe700000,0x00000000fe700000,0x00000000ff800000)
 ParOldGen       total 56320K, used 32545K [0x00000000c1200000, 0x00000000c4900000, 0x00000000eb100000)
  object space 56320K, 57% used [0x00000000c1200000,0x00000000c31c8460,0x00000000c4900000)
 Metaspace       used 57618K, capacity 60058K, committed 60080K, reserved 1101824K
  class space    used 7464K, capacity 7874K, committed 7892K, reserved 1048576K
}
Event: 885.811 GC heap before
{Heap before GC invocations=16 (full 3):
 PSYoungGen      total 250368K, used 9874K [0x00000000eb100000, 0x00000000ff800000, 0x0000000100000000)
  eden space 233472K, 0% used [0x00000000eb100000,0x00000000eb100000,0x00000000f9500000)
  from space 16896K, 58% used [0x00000000f9500000,0x00000000f9ea4a48,0x00000000fa580000)
  to   space 17408K, 0% used [0x00000000fe700000,0x00000000fe700000,0x00000000ff800000)
 ParOldGen       total 56320K, used 32545K [0x00000000c1200000, 0x00000000c4900000, 0x00000000eb100000)
  object space 56320K, 57% used [0x00000000c1200000,0x00000000c31c8460,0x00000000c4900000)
 Metaspace       used 57618K, capacity 60058K, committed 60080K, reserved 1101824K
  class space    used 7464K, capacity 7874K, committed 7892K, reserved 1048576K

